[DEBUG] 2023-12-13 19:40:26.010 [main] PackageRelationshipCollection - Parsing relationship: /xl/_rels/workbook.xml.rels
[DEBUG] 2023-12-13 19:40:26.023 [main] PackageRelationshipCollection - Parsing relationship: /xl/worksheets/_rels/sheet1.xml.rels
[DEBUG] 2023-12-13 19:40:26.024 [main] PackageRelationshipCollection - Parsing relationship: /_rels/.rels
[DEBUG] 2023-12-13 19:40:26.702 [main] PackageRelationshipCollection - Parsing relationship: /xl/_rels/workbook.xml.rels
[DEBUG] 2023-12-13 19:40:26.703 [main] PackageRelationshipCollection - Parsing relationship: /xl/worksheets/_rels/sheet1.xml.rels
[DEBUG] 2023-12-13 19:40:26.705 [main] PackageRelationshipCollection - Parsing relationship: /_rels/.rels
[DEBUG] 2023-12-13 19:40:26.739 [main] PackageRelationshipCollection - Parsing relationship: /xl/_rels/workbook.xml.rels
[DEBUG] 2023-12-13 19:40:26.740 [main] PackageRelationshipCollection - Parsing relationship: /xl/worksheets/_rels/sheet1.xml.rels
[DEBUG] 2023-12-13 19:40:26.741 [main] PackageRelationshipCollection - Parsing relationship: /_rels/.rels
[DEBUG] 2023-12-13 19:40:26.817 [main] PackageRelationshipCollection - Parsing relationship: /xl/_rels/workbook.xml.rels
[DEBUG] 2023-12-13 19:40:26.818 [main] PackageRelationshipCollection - Parsing relationship: /xl/worksheets/_rels/sheet1.xml.rels
[DEBUG] 2023-12-13 19:40:26.818 [main] PackageRelationshipCollection - Parsing relationship: /_rels/.rels
[DEBUG] 2023-12-13 19:40:26.852 [main] PackageRelationshipCollection - Parsing relationship: /xl/_rels/workbook.xml.rels
[DEBUG] 2023-12-13 19:40:26.853 [main] PackageRelationshipCollection - Parsing relationship: /xl/worksheets/_rels/sheet1.xml.rels
[DEBUG] 2023-12-13 19:40:26.854 [main] PackageRelationshipCollection - Parsing relationship: /_rels/.rels
[DEBUG] 2023-12-13 19:40:26.878 [main] PackageRelationshipCollection - Parsing relationship: /xl/_rels/workbook.xml.rels
[DEBUG] 2023-12-13 19:40:26.880 [main] PackageRelationshipCollection - Parsing relationship: /xl/worksheets/_rels/sheet1.xml.rels
[DEBUG] 2023-12-13 19:40:26.882 [main] PackageRelationshipCollection - Parsing relationship: /_rels/.rels
[DEBUG] 2023-12-13 19:40:26.906 [main] PackageRelationshipCollection - Parsing relationship: /xl/_rels/workbook.xml.rels
[DEBUG] 2023-12-13 19:40:26.907 [main] PackageRelationshipCollection - Parsing relationship: /xl/worksheets/_rels/sheet1.xml.rels
[DEBUG] 2023-12-13 19:40:26.908 [main] PackageRelationshipCollection - Parsing relationship: /_rels/.rels
[DEBUG] 2023-12-13 19:40:26.940 [main] PackageRelationshipCollection - Parsing relationship: /xl/_rels/workbook.xml.rels
[DEBUG] 2023-12-13 19:40:26.941 [main] PackageRelationshipCollection - Parsing relationship: /xl/worksheets/_rels/sheet1.xml.rels
[DEBUG] 2023-12-13 19:40:26.942 [main] PackageRelationshipCollection - Parsing relationship: /_rels/.rels
[DEBUG] 2023-12-13 19:40:26.972 [main] PackageRelationshipCollection - Parsing relationship: /xl/_rels/workbook.xml.rels
[DEBUG] 2023-12-13 19:40:26.973 [main] PackageRelationshipCollection - Parsing relationship: /xl/worksheets/_rels/sheet1.xml.rels
[DEBUG] 2023-12-13 19:40:26.973 [main] PackageRelationshipCollection - Parsing relationship: /_rels/.rels
[DEBUG] 2023-12-13 19:40:26.995 [main] PackageRelationshipCollection - Parsing relationship: /xl/_rels/workbook.xml.rels
[DEBUG] 2023-12-13 19:40:26.998 [main] PackageRelationshipCollection - Parsing relationship: /xl/worksheets/_rels/sheet1.xml.rels
[DEBUG] 2023-12-13 19:40:26.999 [main] PackageRelationshipCollection - Parsing relationship: /_rels/.rels
[DEBUG] 2023-12-13 19:40:27.022 [main] PackageRelationshipCollection - Parsing relationship: /xl/_rels/workbook.xml.rels
[DEBUG] 2023-12-13 19:40:27.023 [main] PackageRelationshipCollection - Parsing relationship: /xl/worksheets/_rels/sheet1.xml.rels
[DEBUG] 2023-12-13 19:40:27.024 [main] PackageRelationshipCollection - Parsing relationship: /_rels/.rels
[DEBUG] 2023-12-13 19:40:27.053 [main] PackageRelationshipCollection - Parsing relationship: /xl/_rels/workbook.xml.rels
[DEBUG] 2023-12-13 19:40:27.054 [main] PackageRelationshipCollection - Parsing relationship: /xl/worksheets/_rels/sheet1.xml.rels
[DEBUG] 2023-12-13 19:40:27.056 [main] PackageRelationshipCollection - Parsing relationship: /_rels/.rels
[DEBUG] 2023-12-13 19:40:27.083 [main] PackageRelationshipCollection - Parsing relationship: /xl/_rels/workbook.xml.rels
[DEBUG] 2023-12-13 19:40:27.085 [main] PackageRelationshipCollection - Parsing relationship: /xl/worksheets/_rels/sheet1.xml.rels
[DEBUG] 2023-12-13 19:40:27.085 [main] PackageRelationshipCollection - Parsing relationship: /_rels/.rels
[DEBUG] 2023-12-13 19:40:27.108 [main] PackageRelationshipCollection - Parsing relationship: /xl/_rels/workbook.xml.rels
[DEBUG] 2023-12-13 19:40:27.109 [main] PackageRelationshipCollection - Parsing relationship: /xl/worksheets/_rels/sheet1.xml.rels
[DEBUG] 2023-12-13 19:40:27.110 [main] PackageRelationshipCollection - Parsing relationship: /_rels/.rels
[DEBUG] 2023-12-13 19:40:27.138 [main] PackageRelationshipCollection - Parsing relationship: /xl/_rels/workbook.xml.rels
[DEBUG] 2023-12-13 19:40:27.139 [main] PackageRelationshipCollection - Parsing relationship: /xl/worksheets/_rels/sheet1.xml.rels
[DEBUG] 2023-12-13 19:40:27.140 [main] PackageRelationshipCollection - Parsing relationship: /_rels/.rels
[DEBUG] 2023-12-13 19:40:27.173 [main] PackageRelationshipCollection - Parsing relationship: /xl/_rels/workbook.xml.rels
[DEBUG] 2023-12-13 19:40:27.174 [main] PackageRelationshipCollection - Parsing relationship: /xl/worksheets/_rels/sheet1.xml.rels
[DEBUG] 2023-12-13 19:40:27.175 [main] PackageRelationshipCollection - Parsing relationship: /_rels/.rels
[DEBUG] 2023-12-13 19:40:27.197 [main] PackageRelationshipCollection - Parsing relationship: /xl/_rels/workbook.xml.rels
[DEBUG] 2023-12-13 19:40:27.199 [main] PackageRelationshipCollection - Parsing relationship: /xl/worksheets/_rels/sheet1.xml.rels
[DEBUG] 2023-12-13 19:40:27.200 [main] PackageRelationshipCollection - Parsing relationship: /_rels/.rels
[DEBUG] 2023-12-13 19:40:27.220 [main] PackageRelationshipCollection - Parsing relationship: /xl/_rels/workbook.xml.rels
[DEBUG] 2023-12-13 19:40:27.221 [main] PackageRelationshipCollection - Parsing relationship: /xl/worksheets/_rels/sheet1.xml.rels
[DEBUG] 2023-12-13 19:40:27.221 [main] PackageRelationshipCollection - Parsing relationship: /_rels/.rels
[DEBUG] 2023-12-13 19:40:27.240 [main] PackageRelationshipCollection - Parsing relationship: /xl/_rels/workbook.xml.rels
[DEBUG] 2023-12-13 19:40:27.241 [main] PackageRelationshipCollection - Parsing relationship: /xl/worksheets/_rels/sheet1.xml.rels
[DEBUG] 2023-12-13 19:40:27.241 [main] PackageRelationshipCollection - Parsing relationship: /_rels/.rels
[DEBUG] 2023-12-13 19:40:27.260 [main] PackageRelationshipCollection - Parsing relationship: /xl/_rels/workbook.xml.rels
[DEBUG] 2023-12-13 19:40:27.261 [main] PackageRelationshipCollection - Parsing relationship: /xl/worksheets/_rels/sheet1.xml.rels
[DEBUG] 2023-12-13 19:40:27.261 [main] PackageRelationshipCollection - Parsing relationship: /_rels/.rels
[DEBUG] 2023-12-13 19:40:27.284 [main] PackageRelationshipCollection - Parsing relationship: /xl/_rels/workbook.xml.rels
[DEBUG] 2023-12-13 19:40:27.285 [main] PackageRelationshipCollection - Parsing relationship: /xl/worksheets/_rels/sheet1.xml.rels
[DEBUG] 2023-12-13 19:40:27.285 [main] PackageRelationshipCollection - Parsing relationship: /_rels/.rels
[DEBUG] 2023-12-13 19:40:27.308 [main] PackageRelationshipCollection - Parsing relationship: /xl/_rels/workbook.xml.rels
[DEBUG] 2023-12-13 19:40:27.309 [main] PackageRelationshipCollection - Parsing relationship: /xl/worksheets/_rels/sheet1.xml.rels
[DEBUG] 2023-12-13 19:40:27.309 [main] PackageRelationshipCollection - Parsing relationship: /_rels/.rels
[DEBUG] 2023-12-13 19:40:27.364 [main] PackageRelationshipCollection - Parsing relationship: /xl/_rels/workbook.xml.rels
[DEBUG] 2023-12-13 19:40:27.367 [main] PackageRelationshipCollection - Parsing relationship: /xl/worksheets/_rels/sheet1.xml.rels
[DEBUG] 2023-12-13 19:40:27.368 [main] PackageRelationshipCollection - Parsing relationship: /_rels/.rels
[DEBUG] 2023-12-13 19:40:27.442 [main] PackageRelationshipCollection - Parsing relationship: /xl/_rels/workbook.xml.rels
[DEBUG] 2023-12-13 19:40:27.443 [main] PackageRelationshipCollection - Parsing relationship: /xl/worksheets/_rels/sheet1.xml.rels
[DEBUG] 2023-12-13 19:40:27.445 [main] PackageRelationshipCollection - Parsing relationship: /_rels/.rels
[DEBUG] 2023-12-13 19:40:27.537 [main] PackageRelationshipCollection - Parsing relationship: /xl/_rels/workbook.xml.rels
[DEBUG] 2023-12-13 19:40:27.546 [main] PackageRelationshipCollection - Parsing relationship: /xl/worksheets/_rels/sheet1.xml.rels
[DEBUG] 2023-12-13 19:40:27.553 [main] PackageRelationshipCollection - Parsing relationship: /_rels/.rels
[DEBUG] 2023-12-13 19:40:27.590 [main] PackageRelationshipCollection - Parsing relationship: /xl/_rels/workbook.xml.rels
[DEBUG] 2023-12-13 19:40:27.592 [main] PackageRelationshipCollection - Parsing relationship: /xl/worksheets/_rels/sheet1.xml.rels
[DEBUG] 2023-12-13 19:40:27.594 [main] PackageRelationshipCollection - Parsing relationship: /_rels/.rels
[INFO ] 2023-12-13 19:40:32.337 [main] DBDrivenTest - Username::uname1
[INFO ] 2023-12-13 19:40:32.338 [main] DBDrivenTest - Post Status code::200
[INFO ] 2023-12-13 19:40:33.606 [main] DBDrivenTest - Username::uname2
[INFO ] 2023-12-13 19:40:33.606 [main] DBDrivenTest - Post Status code::200
[INFO ] 2023-12-13 19:40:34.828 [main] DBDrivenTest - Username::uname3
[INFO ] 2023-12-13 19:40:34.828 [main] DBDrivenTest - Post Status code::200
[DEBUG] 2023-12-13 19:40:34.838 [main] PackageRelationshipCollection - Parsing relationship: /xl/_rels/workbook.xml.rels
[DEBUG] 2023-12-13 19:40:34.839 [main] PackageRelationshipCollection - Parsing relationship: /xl/worksheets/_rels/sheet1.xml.rels
[DEBUG] 2023-12-13 19:40:34.839 [main] PackageRelationshipCollection - Parsing relationship: /_rels/.rels
[DEBUG] 2023-12-13 19:40:34.857 [main] PackageRelationshipCollection - Parsing relationship: /xl/_rels/workbook.xml.rels
[DEBUG] 2023-12-13 19:40:34.858 [main] PackageRelationshipCollection - Parsing relationship: /xl/worksheets/_rels/sheet1.xml.rels
[DEBUG] 2023-12-13 19:40:34.859 [main] PackageRelationshipCollection - Parsing relationship: /_rels/.rels
[DEBUG] 2023-12-13 19:40:34.887 [main] PackageRelationshipCollection - Parsing relationship: /xl/_rels/workbook.xml.rels
[DEBUG] 2023-12-13 19:40:34.888 [main] PackageRelationshipCollection - Parsing relationship: /xl/worksheets/_rels/sheet1.xml.rels
[DEBUG] 2023-12-13 19:40:34.889 [main] PackageRelationshipCollection - Parsing relationship: /_rels/.rels
[DEBUG] 2023-12-13 19:40:34.907 [main] PackageRelationshipCollection - Parsing relationship: /xl/_rels/workbook.xml.rels
[DEBUG] 2023-12-13 19:40:34.908 [main] PackageRelationshipCollection - Parsing relationship: /xl/worksheets/_rels/sheet1.xml.rels
[DEBUG] 2023-12-13 19:40:34.908 [main] PackageRelationshipCollection - Parsing relationship: /_rels/.rels
[INFO ] 2023-12-13 19:40:36.174 [main] DBDrivenTest - Get Status code::200
[INFO ] 2023-12-13 19:40:37.864 [main] DBDrivenTest - Get Status code::200
[INFO ] 2023-12-13 19:40:40.191 [main] DBDrivenTest - Get Status code::200
[DEBUG] 2023-12-13 19:40:40.200 [main] PackageRelationshipCollection - Parsing relationship: /xl/_rels/workbook.xml.rels
[DEBUG] 2023-12-13 19:40:40.200 [main] PackageRelationshipCollection - Parsing relationship: /xl/worksheets/_rels/sheet1.xml.rels
[DEBUG] 2023-12-13 19:40:40.201 [main] PackageRelationshipCollection - Parsing relationship: /_rels/.rels
[DEBUG] 2023-12-13 19:40:40.223 [main] PackageRelationshipCollection - Parsing relationship: /xl/_rels/workbook.xml.rels
[DEBUG] 2023-12-13 19:40:40.224 [main] PackageRelationshipCollection - Parsing relationship: /xl/worksheets/_rels/sheet1.xml.rels
[DEBUG] 2023-12-13 19:40:40.225 [main] PackageRelationshipCollection - Parsing relationship: /_rels/.rels
[DEBUG] 2023-12-13 19:40:40.244 [main] PackageRelationshipCollection - Parsing relationship: /xl/_rels/workbook.xml.rels
[DEBUG] 2023-12-13 19:40:40.244 [main] PackageRelationshipCollection - Parsing relationship: /xl/worksheets/_rels/sheet1.xml.rels
[DEBUG] 2023-12-13 19:40:40.246 [main] PackageRelationshipCollection - Parsing relationship: /_rels/.rels
[DEBUG] 2023-12-13 19:40:40.268 [main] PackageRelationshipCollection - Parsing relationship: /xl/_rels/workbook.xml.rels
[DEBUG] 2023-12-13 19:40:40.268 [main] PackageRelationshipCollection - Parsing relationship: /xl/worksheets/_rels/sheet1.xml.rels
[DEBUG] 2023-12-13 19:40:40.269 [main] PackageRelationshipCollection - Parsing relationship: /_rels/.rels
[INFO ] 2023-12-13 19:40:45.301 [main] UserTests - Creating user
[INFO ] 2023-12-13 19:40:46.887 [main] UserTests - Username::denise.predovic
[INFO ] 2023-12-13 19:40:46.888 [main] UserTests - Post Status code::200
[INFO ] 2023-12-13 19:40:46.888 [main] UserTests - Completed Creating user
[INFO ] 2023-12-13 19:40:46.891 [main] UserTests - Retriving user details based on name
[INFO ] 2023-12-13 19:40:49.051 [main] UserTests - io.restassured.internal.ValidatableResponseImpl@1fc386f8
[INFO ] 2023-12-13 19:40:50.256 [main] UserTests - Retriving user details based on name
[INFO ] 2023-12-13 19:40:51.507 [main] UserTests - io.restassured.internal.ValidatableResponseImpl@143900a6
[DEBUG] 2023-12-13 19:43:50.579 [main] PackageRelationshipCollection - Parsing relationship: /xl/_rels/workbook.xml.rels
[DEBUG] 2023-12-13 19:43:50.583 [main] PackageRelationshipCollection - Parsing relationship: /xl/worksheets/_rels/sheet1.xml.rels
[DEBUG] 2023-12-13 19:43:50.584 [main] PackageRelationshipCollection - Parsing relationship: /_rels/.rels
[DEBUG] 2023-12-13 19:43:51.085 [main] PackageRelationshipCollection - Parsing relationship: /xl/_rels/workbook.xml.rels
[DEBUG] 2023-12-13 19:43:51.087 [main] PackageRelationshipCollection - Parsing relationship: /xl/worksheets/_rels/sheet1.xml.rels
[DEBUG] 2023-12-13 19:43:51.088 [main] PackageRelationshipCollection - Parsing relationship: /_rels/.rels
[DEBUG] 2023-12-13 19:43:51.124 [main] PackageRelationshipCollection - Parsing relationship: /xl/_rels/workbook.xml.rels
[DEBUG] 2023-12-13 19:43:51.125 [main] PackageRelationshipCollection - Parsing relationship: /xl/worksheets/_rels/sheet1.xml.rels
[DEBUG] 2023-12-13 19:43:51.126 [main] PackageRelationshipCollection - Parsing relationship: /_rels/.rels
[DEBUG] 2023-12-13 19:43:51.177 [main] PackageRelationshipCollection - Parsing relationship: /xl/_rels/workbook.xml.rels
[DEBUG] 2023-12-13 19:43:51.178 [main] PackageRelationshipCollection - Parsing relationship: /xl/worksheets/_rels/sheet1.xml.rels
[DEBUG] 2023-12-13 19:43:51.179 [main] PackageRelationshipCollection - Parsing relationship: /_rels/.rels
[DEBUG] 2023-12-13 19:43:51.212 [main] PackageRelationshipCollection - Parsing relationship: /xl/_rels/workbook.xml.rels
[DEBUG] 2023-12-13 19:43:51.213 [main] PackageRelationshipCollection - Parsing relationship: /xl/worksheets/_rels/sheet1.xml.rels
[DEBUG] 2023-12-13 19:43:51.214 [main] PackageRelationshipCollection - Parsing relationship: /_rels/.rels
[DEBUG] 2023-12-13 19:43:51.237 [main] PackageRelationshipCollection - Parsing relationship: /xl/_rels/workbook.xml.rels
[DEBUG] 2023-12-13 19:43:51.238 [main] PackageRelationshipCollection - Parsing relationship: /xl/worksheets/_rels/sheet1.xml.rels
[DEBUG] 2023-12-13 19:43:51.239 [main] PackageRelationshipCollection - Parsing relationship: /_rels/.rels
[DEBUG] 2023-12-13 19:43:51.261 [main] PackageRelationshipCollection - Parsing relationship: /xl/_rels/workbook.xml.rels
[DEBUG] 2023-12-13 19:43:51.262 [main] PackageRelationshipCollection - Parsing relationship: /xl/worksheets/_rels/sheet1.xml.rels
[DEBUG] 2023-12-13 19:43:51.263 [main] PackageRelationshipCollection - Parsing relationship: /_rels/.rels
[DEBUG] 2023-12-13 19:43:51.283 [main] PackageRelationshipCollection - Parsing relationship: /xl/_rels/workbook.xml.rels
[DEBUG] 2023-12-13 19:43:51.285 [main] PackageRelationshipCollection - Parsing relationship: /xl/worksheets/_rels/sheet1.xml.rels
[DEBUG] 2023-12-13 19:43:51.286 [main] PackageRelationshipCollection - Parsing relationship: /_rels/.rels
[DEBUG] 2023-12-13 19:43:51.310 [main] PackageRelationshipCollection - Parsing relationship: /xl/_rels/workbook.xml.rels
[DEBUG] 2023-12-13 19:43:51.311 [main] PackageRelationshipCollection - Parsing relationship: /xl/worksheets/_rels/sheet1.xml.rels
[DEBUG] 2023-12-13 19:43:51.312 [main] PackageRelationshipCollection - Parsing relationship: /_rels/.rels
[DEBUG] 2023-12-13 19:43:51.336 [main] PackageRelationshipCollection - Parsing relationship: /xl/_rels/workbook.xml.rels
[DEBUG] 2023-12-13 19:43:51.337 [main] PackageRelationshipCollection - Parsing relationship: /xl/worksheets/_rels/sheet1.xml.rels
[DEBUG] 2023-12-13 19:43:51.338 [main] PackageRelationshipCollection - Parsing relationship: /_rels/.rels
[DEBUG] 2023-12-13 19:43:51.358 [main] PackageRelationshipCollection - Parsing relationship: /xl/_rels/workbook.xml.rels
[DEBUG] 2023-12-13 19:43:51.358 [main] PackageRelationshipCollection - Parsing relationship: /xl/worksheets/_rels/sheet1.xml.rels
[DEBUG] 2023-12-13 19:43:51.359 [main] PackageRelationshipCollection - Parsing relationship: /_rels/.rels
[DEBUG] 2023-12-13 19:43:51.380 [main] PackageRelationshipCollection - Parsing relationship: /xl/_rels/workbook.xml.rels
[DEBUG] 2023-12-13 19:43:51.381 [main] PackageRelationshipCollection - Parsing relationship: /xl/worksheets/_rels/sheet1.xml.rels
[DEBUG] 2023-12-13 19:43:51.382 [main] PackageRelationshipCollection - Parsing relationship: /_rels/.rels
[DEBUG] 2023-12-13 19:43:51.401 [main] PackageRelationshipCollection - Parsing relationship: /xl/_rels/workbook.xml.rels
[DEBUG] 2023-12-13 19:43:51.402 [main] PackageRelationshipCollection - Parsing relationship: /xl/worksheets/_rels/sheet1.xml.rels
[DEBUG] 2023-12-13 19:43:51.402 [main] PackageRelationshipCollection - Parsing relationship: /_rels/.rels
[DEBUG] 2023-12-13 19:43:51.421 [main] PackageRelationshipCollection - Parsing relationship: /xl/_rels/workbook.xml.rels
[DEBUG] 2023-12-13 19:43:51.421 [main] PackageRelationshipCollection - Parsing relationship: /xl/worksheets/_rels/sheet1.xml.rels
[DEBUG] 2023-12-13 19:43:51.422 [main] PackageRelationshipCollection - Parsing relationship: /_rels/.rels
[DEBUG] 2023-12-13 19:43:51.439 [main] PackageRelationshipCollection - Parsing relationship: /xl/_rels/workbook.xml.rels
[DEBUG] 2023-12-13 19:43:51.441 [main] PackageRelationshipCollection - Parsing relationship: /xl/worksheets/_rels/sheet1.xml.rels
[DEBUG] 2023-12-13 19:43:51.441 [main] PackageRelationshipCollection - Parsing relationship: /_rels/.rels
[DEBUG] 2023-12-13 19:43:51.467 [main] PackageRelationshipCollection - Parsing relationship: /xl/_rels/workbook.xml.rels
[DEBUG] 2023-12-13 19:43:51.468 [main] PackageRelationshipCollection - Parsing relationship: /xl/worksheets/_rels/sheet1.xml.rels
[DEBUG] 2023-12-13 19:43:51.469 [main] PackageRelationshipCollection - Parsing relationship: /_rels/.rels
[DEBUG] 2023-12-13 19:43:51.486 [main] PackageRelationshipCollection - Parsing relationship: /xl/_rels/workbook.xml.rels
[DEBUG] 2023-12-13 19:43:51.486 [main] PackageRelationshipCollection - Parsing relationship: /xl/worksheets/_rels/sheet1.xml.rels
[DEBUG] 2023-12-13 19:43:51.487 [main] PackageRelationshipCollection - Parsing relationship: /_rels/.rels
[DEBUG] 2023-12-13 19:43:51.503 [main] PackageRelationshipCollection - Parsing relationship: /xl/_rels/workbook.xml.rels
[DEBUG] 2023-12-13 19:43:51.503 [main] PackageRelationshipCollection - Parsing relationship: /xl/worksheets/_rels/sheet1.xml.rels
[DEBUG] 2023-12-13 19:43:51.504 [main] PackageRelationshipCollection - Parsing relationship: /_rels/.rels
[DEBUG] 2023-12-13 19:43:51.520 [main] PackageRelationshipCollection - Parsing relationship: /xl/_rels/workbook.xml.rels
[DEBUG] 2023-12-13 19:43:51.520 [main] PackageRelationshipCollection - Parsing relationship: /xl/worksheets/_rels/sheet1.xml.rels
[DEBUG] 2023-12-13 19:43:51.521 [main] PackageRelationshipCollection - Parsing relationship: /_rels/.rels
[DEBUG] 2023-12-13 19:43:51.537 [main] PackageRelationshipCollection - Parsing relationship: /xl/_rels/workbook.xml.rels
[DEBUG] 2023-12-13 19:43:51.538 [main] PackageRelationshipCollection - Parsing relationship: /xl/worksheets/_rels/sheet1.xml.rels
[DEBUG] 2023-12-13 19:43:51.539 [main] PackageRelationshipCollection - Parsing relationship: /_rels/.rels
[DEBUG] 2023-12-13 19:43:51.556 [main] PackageRelationshipCollection - Parsing relationship: /xl/_rels/workbook.xml.rels
[DEBUG] 2023-12-13 19:43:51.556 [main] PackageRelationshipCollection - Parsing relationship: /xl/worksheets/_rels/sheet1.xml.rels
[DEBUG] 2023-12-13 19:43:51.557 [main] PackageRelationshipCollection - Parsing relationship: /_rels/.rels
[DEBUG] 2023-12-13 19:43:51.570 [main] PackageRelationshipCollection - Parsing relationship: /xl/_rels/workbook.xml.rels
[DEBUG] 2023-12-13 19:43:51.571 [main] PackageRelationshipCollection - Parsing relationship: /xl/worksheets/_rels/sheet1.xml.rels
[DEBUG] 2023-12-13 19:43:51.571 [main] PackageRelationshipCollection - Parsing relationship: /_rels/.rels
[DEBUG] 2023-12-13 19:43:51.588 [main] PackageRelationshipCollection - Parsing relationship: /xl/_rels/workbook.xml.rels
[DEBUG] 2023-12-13 19:43:51.589 [main] PackageRelationshipCollection - Parsing relationship: /xl/worksheets/_rels/sheet1.xml.rels
[DEBUG] 2023-12-13 19:43:51.590 [main] PackageRelationshipCollection - Parsing relationship: /_rels/.rels
[DEBUG] 2023-12-13 19:43:51.610 [main] PackageRelationshipCollection - Parsing relationship: /xl/_rels/workbook.xml.rels
[DEBUG] 2023-12-13 19:43:51.611 [main] PackageRelationshipCollection - Parsing relationship: /xl/worksheets/_rels/sheet1.xml.rels
[DEBUG] 2023-12-13 19:43:51.612 [main] PackageRelationshipCollection - Parsing relationship: /_rels/.rels
[DEBUG] 2023-12-13 19:43:51.627 [main] PackageRelationshipCollection - Parsing relationship: /xl/_rels/workbook.xml.rels
[DEBUG] 2023-12-13 19:43:51.628 [main] PackageRelationshipCollection - Parsing relationship: /xl/worksheets/_rels/sheet1.xml.rels
[DEBUG] 2023-12-13 19:43:51.628 [main] PackageRelationshipCollection - Parsing relationship: /_rels/.rels
[DEBUG] 2023-12-13 19:43:51.644 [main] PackageRelationshipCollection - Parsing relationship: /xl/_rels/workbook.xml.rels
[DEBUG] 2023-12-13 19:43:51.645 [main] PackageRelationshipCollection - Parsing relationship: /xl/worksheets/_rels/sheet1.xml.rels
[DEBUG] 2023-12-13 19:43:51.646 [main] PackageRelationshipCollection - Parsing relationship: /_rels/.rels
[INFO ] 2023-12-13 19:43:54.426 [main] DBDrivenTest - Username::uname1
[INFO ] 2023-12-13 19:43:54.426 [main] DBDrivenTest - Post Status code::200
[INFO ] 2023-12-13 19:43:55.657 [main] DBDrivenTest - Username::uname2
[INFO ] 2023-12-13 19:43:55.658 [main] DBDrivenTest - Post Status code::200
[INFO ] 2023-12-13 19:43:56.947 [main] DBDrivenTest - Username::uname3
[INFO ] 2023-12-13 19:43:56.947 [main] DBDrivenTest - Post Status code::200
[DEBUG] 2023-12-13 19:43:56.965 [main] PackageRelationshipCollection - Parsing relationship: /xl/_rels/workbook.xml.rels
[DEBUG] 2023-12-13 19:43:56.966 [main] PackageRelationshipCollection - Parsing relationship: /xl/worksheets/_rels/sheet1.xml.rels
[DEBUG] 2023-12-13 19:43:56.966 [main] PackageRelationshipCollection - Parsing relationship: /_rels/.rels
[DEBUG] 2023-12-13 19:43:56.986 [main] PackageRelationshipCollection - Parsing relationship: /xl/_rels/workbook.xml.rels
[DEBUG] 2023-12-13 19:43:56.986 [main] PackageRelationshipCollection - Parsing relationship: /xl/worksheets/_rels/sheet1.xml.rels
[DEBUG] 2023-12-13 19:43:56.987 [main] PackageRelationshipCollection - Parsing relationship: /_rels/.rels
[DEBUG] 2023-12-13 19:43:57.002 [main] PackageRelationshipCollection - Parsing relationship: /xl/_rels/workbook.xml.rels
[DEBUG] 2023-12-13 19:43:57.003 [main] PackageRelationshipCollection - Parsing relationship: /xl/worksheets/_rels/sheet1.xml.rels
[DEBUG] 2023-12-13 19:43:57.003 [main] PackageRelationshipCollection - Parsing relationship: /_rels/.rels
[DEBUG] 2023-12-13 19:43:57.018 [main] PackageRelationshipCollection - Parsing relationship: /xl/_rels/workbook.xml.rels
[DEBUG] 2023-12-13 19:43:57.019 [main] PackageRelationshipCollection - Parsing relationship: /xl/worksheets/_rels/sheet1.xml.rels
[DEBUG] 2023-12-13 19:43:57.019 [main] PackageRelationshipCollection - Parsing relationship: /_rels/.rels
[INFO ] 2023-12-13 19:43:58.238 [main] DBDrivenTest - Get Status code::200
[INFO ] 2023-12-13 19:43:59.402 [main] DBDrivenTest - Get Status code::200
[INFO ] 2023-12-13 19:44:00.654 [main] DBDrivenTest - Get Status code::200
[DEBUG] 2023-12-13 19:44:00.681 [main] PackageRelationshipCollection - Parsing relationship: /xl/_rels/workbook.xml.rels
[DEBUG] 2023-12-13 19:44:00.682 [main] PackageRelationshipCollection - Parsing relationship: /xl/worksheets/_rels/sheet1.xml.rels
[DEBUG] 2023-12-13 19:44:00.683 [main] PackageRelationshipCollection - Parsing relationship: /_rels/.rels
[DEBUG] 2023-12-13 19:44:00.696 [main] PackageRelationshipCollection - Parsing relationship: /xl/_rels/workbook.xml.rels
[DEBUG] 2023-12-13 19:44:00.697 [main] PackageRelationshipCollection - Parsing relationship: /xl/worksheets/_rels/sheet1.xml.rels
[DEBUG] 2023-12-13 19:44:00.697 [main] PackageRelationshipCollection - Parsing relationship: /_rels/.rels
[DEBUG] 2023-12-13 19:44:00.713 [main] PackageRelationshipCollection - Parsing relationship: /xl/_rels/workbook.xml.rels
[DEBUG] 2023-12-13 19:44:00.714 [main] PackageRelationshipCollection - Parsing relationship: /xl/worksheets/_rels/sheet1.xml.rels
[DEBUG] 2023-12-13 19:44:00.715 [main] PackageRelationshipCollection - Parsing relationship: /_rels/.rels
[DEBUG] 2023-12-13 19:44:00.728 [main] PackageRelationshipCollection - Parsing relationship: /xl/_rels/workbook.xml.rels
[DEBUG] 2023-12-13 19:44:00.728 [main] PackageRelationshipCollection - Parsing relationship: /xl/worksheets/_rels/sheet1.xml.rels
[DEBUG] 2023-12-13 19:44:00.729 [main] PackageRelationshipCollection - Parsing relationship: /_rels/.rels
[INFO ] 2023-12-13 19:44:04.615 [main] UserTests - Creating user
[INFO ] 2023-12-13 19:44:05.847 [main] UserTests - Username::vivan.schinner
[INFO ] 2023-12-13 19:44:05.848 [main] UserTests - Post Status code::200
[INFO ] 2023-12-13 19:44:05.848 [main] UserTests - Completed Creating user
[INFO ] 2023-12-13 19:44:05.851 [main] UserTests - Retriving user details based on name
[INFO ] 2023-12-13 19:44:07.071 [main] UserTests - io.restassured.internal.ValidatableResponseImpl@7b43f95c
[INFO ] 2023-12-13 19:44:08.246 [main] UserTests - Retriving user details based on name
[INFO ] 2023-12-13 19:44:09.478 [main] UserTests - io.restassured.internal.ValidatableResponseImpl@169d5567
[DEBUG] 2023-12-13 19:50:54.508 [main] PackageRelationshipCollection - Parsing relationship: /xl/_rels/workbook.xml.rels
[DEBUG] 2023-12-13 19:50:54.513 [main] PackageRelationshipCollection - Parsing relationship: /xl/worksheets/_rels/sheet1.xml.rels
[DEBUG] 2023-12-13 19:50:54.514 [main] PackageRelationshipCollection - Parsing relationship: /_rels/.rels
[DEBUG] 2023-12-13 19:50:55.103 [main] PackageRelationshipCollection - Parsing relationship: /xl/_rels/workbook.xml.rels
[DEBUG] 2023-12-13 19:50:55.105 [main] PackageRelationshipCollection - Parsing relationship: /xl/worksheets/_rels/sheet1.xml.rels
[DEBUG] 2023-12-13 19:50:55.106 [main] PackageRelationshipCollection - Parsing relationship: /_rels/.rels
[DEBUG] 2023-12-13 19:50:55.138 [main] PackageRelationshipCollection - Parsing relationship: /xl/_rels/workbook.xml.rels
[DEBUG] 2023-12-13 19:50:55.139 [main] PackageRelationshipCollection - Parsing relationship: /xl/worksheets/_rels/sheet1.xml.rels
[DEBUG] 2023-12-13 19:50:55.139 [main] PackageRelationshipCollection - Parsing relationship: /_rels/.rels
[DEBUG] 2023-12-13 19:50:55.187 [main] PackageRelationshipCollection - Parsing relationship: /xl/_rels/workbook.xml.rels
[DEBUG] 2023-12-13 19:50:55.188 [main] PackageRelationshipCollection - Parsing relationship: /xl/worksheets/_rels/sheet1.xml.rels
[DEBUG] 2023-12-13 19:50:55.188 [main] PackageRelationshipCollection - Parsing relationship: /_rels/.rels
[DEBUG] 2023-12-13 19:50:55.222 [main] PackageRelationshipCollection - Parsing relationship: /xl/_rels/workbook.xml.rels
[DEBUG] 2023-12-13 19:50:55.222 [main] PackageRelationshipCollection - Parsing relationship: /xl/worksheets/_rels/sheet1.xml.rels
[DEBUG] 2023-12-13 19:50:55.223 [main] PackageRelationshipCollection - Parsing relationship: /_rels/.rels
[DEBUG] 2023-12-13 19:50:55.248 [main] PackageRelationshipCollection - Parsing relationship: /xl/_rels/workbook.xml.rels
[DEBUG] 2023-12-13 19:50:55.250 [main] PackageRelationshipCollection - Parsing relationship: /xl/worksheets/_rels/sheet1.xml.rels
[DEBUG] 2023-12-13 19:50:55.251 [main] PackageRelationshipCollection - Parsing relationship: /_rels/.rels
[DEBUG] 2023-12-13 19:50:55.274 [main] PackageRelationshipCollection - Parsing relationship: /xl/_rels/workbook.xml.rels
[DEBUG] 2023-12-13 19:50:55.275 [main] PackageRelationshipCollection - Parsing relationship: /xl/worksheets/_rels/sheet1.xml.rels
[DEBUG] 2023-12-13 19:50:55.276 [main] PackageRelationshipCollection - Parsing relationship: /_rels/.rels
[DEBUG] 2023-12-13 19:50:55.304 [main] PackageRelationshipCollection - Parsing relationship: /xl/_rels/workbook.xml.rels
[DEBUG] 2023-12-13 19:50:55.305 [main] PackageRelationshipCollection - Parsing relationship: /xl/worksheets/_rels/sheet1.xml.rels
[DEBUG] 2023-12-13 19:50:55.306 [main] PackageRelationshipCollection - Parsing relationship: /_rels/.rels
[DEBUG] 2023-12-13 19:50:55.330 [main] PackageRelationshipCollection - Parsing relationship: /xl/_rels/workbook.xml.rels
[DEBUG] 2023-12-13 19:50:55.331 [main] PackageRelationshipCollection - Parsing relationship: /xl/worksheets/_rels/sheet1.xml.rels
[DEBUG] 2023-12-13 19:50:55.332 [main] PackageRelationshipCollection - Parsing relationship: /_rels/.rels
[DEBUG] 2023-12-13 19:50:55.352 [main] PackageRelationshipCollection - Parsing relationship: /xl/_rels/workbook.xml.rels
[DEBUG] 2023-12-13 19:50:55.353 [main] PackageRelationshipCollection - Parsing relationship: /xl/worksheets/_rels/sheet1.xml.rels
[DEBUG] 2023-12-13 19:50:55.354 [main] PackageRelationshipCollection - Parsing relationship: /_rels/.rels
[DEBUG] 2023-12-13 19:50:55.376 [main] PackageRelationshipCollection - Parsing relationship: /xl/_rels/workbook.xml.rels
[DEBUG] 2023-12-13 19:50:55.377 [main] PackageRelationshipCollection - Parsing relationship: /xl/worksheets/_rels/sheet1.xml.rels
[DEBUG] 2023-12-13 19:50:55.377 [main] PackageRelationshipCollection - Parsing relationship: /_rels/.rels
[DEBUG] 2023-12-13 19:50:55.398 [main] PackageRelationshipCollection - Parsing relationship: /xl/_rels/workbook.xml.rels
[DEBUG] 2023-12-13 19:50:55.399 [main] PackageRelationshipCollection - Parsing relationship: /xl/worksheets/_rels/sheet1.xml.rels
[DEBUG] 2023-12-13 19:50:55.401 [main] PackageRelationshipCollection - Parsing relationship: /_rels/.rels
[DEBUG] 2023-12-13 19:50:55.420 [main] PackageRelationshipCollection - Parsing relationship: /xl/_rels/workbook.xml.rels
[DEBUG] 2023-12-13 19:50:55.422 [main] PackageRelationshipCollection - Parsing relationship: /xl/worksheets/_rels/sheet1.xml.rels
[DEBUG] 2023-12-13 19:50:55.422 [main] PackageRelationshipCollection - Parsing relationship: /_rels/.rels
[DEBUG] 2023-12-13 19:50:55.443 [main] PackageRelationshipCollection - Parsing relationship: /xl/_rels/workbook.xml.rels
[DEBUG] 2023-12-13 19:50:55.444 [main] PackageRelationshipCollection - Parsing relationship: /xl/worksheets/_rels/sheet1.xml.rels
[DEBUG] 2023-12-13 19:50:55.445 [main] PackageRelationshipCollection - Parsing relationship: /_rels/.rels
[DEBUG] 2023-12-13 19:50:55.462 [main] PackageRelationshipCollection - Parsing relationship: /xl/_rels/workbook.xml.rels
[DEBUG] 2023-12-13 19:50:55.463 [main] PackageRelationshipCollection - Parsing relationship: /xl/worksheets/_rels/sheet1.xml.rels
[DEBUG] 2023-12-13 19:50:55.464 [main] PackageRelationshipCollection - Parsing relationship: /_rels/.rels
[DEBUG] 2023-12-13 19:50:55.488 [main] PackageRelationshipCollection - Parsing relationship: /xl/_rels/workbook.xml.rels
[DEBUG] 2023-12-13 19:50:55.489 [main] PackageRelationshipCollection - Parsing relationship: /xl/worksheets/_rels/sheet1.xml.rels
[DEBUG] 2023-12-13 19:50:55.490 [main] PackageRelationshipCollection - Parsing relationship: /_rels/.rels
[DEBUG] 2023-12-13 19:50:55.508 [main] PackageRelationshipCollection - Parsing relationship: /xl/_rels/workbook.xml.rels
[DEBUG] 2023-12-13 19:50:55.509 [main] PackageRelationshipCollection - Parsing relationship: /xl/worksheets/_rels/sheet1.xml.rels
[DEBUG] 2023-12-13 19:50:55.509 [main] PackageRelationshipCollection - Parsing relationship: /_rels/.rels
[DEBUG] 2023-12-13 19:50:55.529 [main] PackageRelationshipCollection - Parsing relationship: /xl/_rels/workbook.xml.rels
[DEBUG] 2023-12-13 19:50:55.530 [main] PackageRelationshipCollection - Parsing relationship: /xl/worksheets/_rels/sheet1.xml.rels
[DEBUG] 2023-12-13 19:50:55.530 [main] PackageRelationshipCollection - Parsing relationship: /_rels/.rels
[DEBUG] 2023-12-13 19:50:55.547 [main] PackageRelationshipCollection - Parsing relationship: /xl/_rels/workbook.xml.rels
[DEBUG] 2023-12-13 19:50:55.547 [main] PackageRelationshipCollection - Parsing relationship: /xl/worksheets/_rels/sheet1.xml.rels
[DEBUG] 2023-12-13 19:50:55.548 [main] PackageRelationshipCollection - Parsing relationship: /_rels/.rels
[DEBUG] 2023-12-13 19:50:55.564 [main] PackageRelationshipCollection - Parsing relationship: /xl/_rels/workbook.xml.rels
[DEBUG] 2023-12-13 19:50:55.565 [main] PackageRelationshipCollection - Parsing relationship: /xl/worksheets/_rels/sheet1.xml.rels
[DEBUG] 2023-12-13 19:50:55.566 [main] PackageRelationshipCollection - Parsing relationship: /_rels/.rels
[DEBUG] 2023-12-13 19:50:55.584 [main] PackageRelationshipCollection - Parsing relationship: /xl/_rels/workbook.xml.rels
[DEBUG] 2023-12-13 19:50:55.584 [main] PackageRelationshipCollection - Parsing relationship: /xl/worksheets/_rels/sheet1.xml.rels
[DEBUG] 2023-12-13 19:50:55.585 [main] PackageRelationshipCollection - Parsing relationship: /_rels/.rels
[DEBUG] 2023-12-13 19:50:55.607 [main] PackageRelationshipCollection - Parsing relationship: /xl/_rels/workbook.xml.rels
[DEBUG] 2023-12-13 19:50:55.609 [main] PackageRelationshipCollection - Parsing relationship: /xl/worksheets/_rels/sheet1.xml.rels
[DEBUG] 2023-12-13 19:50:55.609 [main] PackageRelationshipCollection - Parsing relationship: /_rels/.rels
[DEBUG] 2023-12-13 19:50:55.625 [main] PackageRelationshipCollection - Parsing relationship: /xl/_rels/workbook.xml.rels
[DEBUG] 2023-12-13 19:50:55.626 [main] PackageRelationshipCollection - Parsing relationship: /xl/worksheets/_rels/sheet1.xml.rels
[DEBUG] 2023-12-13 19:50:55.626 [main] PackageRelationshipCollection - Parsing relationship: /_rels/.rels
[DEBUG] 2023-12-13 19:50:55.642 [main] PackageRelationshipCollection - Parsing relationship: /xl/_rels/workbook.xml.rels
[DEBUG] 2023-12-13 19:50:55.642 [main] PackageRelationshipCollection - Parsing relationship: /xl/worksheets/_rels/sheet1.xml.rels
[DEBUG] 2023-12-13 19:50:55.643 [main] PackageRelationshipCollection - Parsing relationship: /_rels/.rels
[DEBUG] 2023-12-13 19:50:55.659 [main] PackageRelationshipCollection - Parsing relationship: /xl/_rels/workbook.xml.rels
[DEBUG] 2023-12-13 19:50:55.659 [main] PackageRelationshipCollection - Parsing relationship: /xl/worksheets/_rels/sheet1.xml.rels
[DEBUG] 2023-12-13 19:50:55.660 [main] PackageRelationshipCollection - Parsing relationship: /_rels/.rels
[DEBUG] 2023-12-13 19:50:55.680 [main] PackageRelationshipCollection - Parsing relationship: /xl/_rels/workbook.xml.rels
[DEBUG] 2023-12-13 19:50:55.681 [main] PackageRelationshipCollection - Parsing relationship: /xl/worksheets/_rels/sheet1.xml.rels
[DEBUG] 2023-12-13 19:50:55.682 [main] PackageRelationshipCollection - Parsing relationship: /_rels/.rels
[INFO ] 2023-12-13 19:50:58.483 [main] DBDrivenTest - Username::uname1
[INFO ] 2023-12-13 19:50:58.484 [main] DBDrivenTest - Post Status code::200
[INFO ] 2023-12-13 19:50:59.692 [main] DBDrivenTest - Username::uname2
[INFO ] 2023-12-13 19:50:59.693 [main] DBDrivenTest - Post Status code::200
[INFO ] 2023-12-13 19:51:00.926 [main] DBDrivenTest - Username::uname3
[INFO ] 2023-12-13 19:51:00.927 [main] DBDrivenTest - Post Status code::200
[DEBUG] 2023-12-13 19:51:00.943 [main] PackageRelationshipCollection - Parsing relationship: /xl/_rels/workbook.xml.rels
[DEBUG] 2023-12-13 19:51:00.943 [main] PackageRelationshipCollection - Parsing relationship: /xl/worksheets/_rels/sheet1.xml.rels
[DEBUG] 2023-12-13 19:51:00.944 [main] PackageRelationshipCollection - Parsing relationship: /_rels/.rels
[DEBUG] 2023-12-13 19:51:00.961 [main] PackageRelationshipCollection - Parsing relationship: /xl/_rels/workbook.xml.rels
[DEBUG] 2023-12-13 19:51:00.962 [main] PackageRelationshipCollection - Parsing relationship: /xl/worksheets/_rels/sheet1.xml.rels
[DEBUG] 2023-12-13 19:51:00.964 [main] PackageRelationshipCollection - Parsing relationship: /_rels/.rels
[DEBUG] 2023-12-13 19:51:00.978 [main] PackageRelationshipCollection - Parsing relationship: /xl/_rels/workbook.xml.rels
[DEBUG] 2023-12-13 19:51:00.978 [main] PackageRelationshipCollection - Parsing relationship: /xl/worksheets/_rels/sheet1.xml.rels
[DEBUG] 2023-12-13 19:51:00.979 [main] PackageRelationshipCollection - Parsing relationship: /_rels/.rels
[DEBUG] 2023-12-13 19:51:00.994 [main] PackageRelationshipCollection - Parsing relationship: /xl/_rels/workbook.xml.rels
[DEBUG] 2023-12-13 19:51:00.995 [main] PackageRelationshipCollection - Parsing relationship: /xl/worksheets/_rels/sheet1.xml.rels
[DEBUG] 2023-12-13 19:51:00.996 [main] PackageRelationshipCollection - Parsing relationship: /_rels/.rels
[INFO ] 2023-12-13 19:51:02.278 [main] DBDrivenTest - Get Status code::200
[INFO ] 2023-12-13 19:51:03.494 [main] DBDrivenTest - Get Status code::200
[INFO ] 2023-12-13 19:51:04.749 [main] DBDrivenTest - Get Status code::200
[DEBUG] 2023-12-13 19:51:04.755 [main] PackageRelationshipCollection - Parsing relationship: /xl/_rels/workbook.xml.rels
[DEBUG] 2023-12-13 19:51:04.757 [main] PackageRelationshipCollection - Parsing relationship: /xl/worksheets/_rels/sheet1.xml.rels
[DEBUG] 2023-12-13 19:51:04.757 [main] PackageRelationshipCollection - Parsing relationship: /_rels/.rels
[DEBUG] 2023-12-13 19:51:04.771 [main] PackageRelationshipCollection - Parsing relationship: /xl/_rels/workbook.xml.rels
[DEBUG] 2023-12-13 19:51:04.772 [main] PackageRelationshipCollection - Parsing relationship: /xl/worksheets/_rels/sheet1.xml.rels
[DEBUG] 2023-12-13 19:51:04.772 [main] PackageRelationshipCollection - Parsing relationship: /_rels/.rels
[DEBUG] 2023-12-13 19:51:04.787 [main] PackageRelationshipCollection - Parsing relationship: /xl/_rels/workbook.xml.rels
[DEBUG] 2023-12-13 19:51:04.787 [main] PackageRelationshipCollection - Parsing relationship: /xl/worksheets/_rels/sheet1.xml.rels
[DEBUG] 2023-12-13 19:51:04.788 [main] PackageRelationshipCollection - Parsing relationship: /_rels/.rels
[DEBUG] 2023-12-13 19:51:04.801 [main] PackageRelationshipCollection - Parsing relationship: /xl/_rels/workbook.xml.rels
[DEBUG] 2023-12-13 19:51:04.802 [main] PackageRelationshipCollection - Parsing relationship: /xl/worksheets/_rels/sheet1.xml.rels
[DEBUG] 2023-12-13 19:51:04.802 [main] PackageRelationshipCollection - Parsing relationship: /_rels/.rels
[INFO ] 2023-12-13 19:51:08.629 [main] UserTests - Creating user
[INFO ] 2023-12-13 19:51:09.859 [main] UserTests - Username::kendal.schamberger
[INFO ] 2023-12-13 19:51:09.860 [main] UserTests - Post Status code::200
[INFO ] 2023-12-13 19:51:09.860 [main] UserTests - Completed Creating user
[INFO ] 2023-12-13 19:51:09.862 [main] UserTests - Retriving user details based on name
[INFO ] 2023-12-13 19:51:11.150 [main] UserTests - io.restassured.internal.ValidatableResponseImpl@7b43f95c
[INFO ] 2023-12-13 19:51:12.407 [main] UserTests - Retriving user details based on name
[INFO ] 2023-12-13 19:51:13.670 [main] UserTests - io.restassured.internal.ValidatableResponseImpl@169d5567
[DEBUG] 2023-12-13 19:52:08.387 [main] PackageRelationshipCollection - Parsing relationship: /xl/_rels/workbook.xml.rels
[DEBUG] 2023-12-13 19:52:08.393 [main] PackageRelationshipCollection - Parsing relationship: /xl/worksheets/_rels/sheet1.xml.rels
[DEBUG] 2023-12-13 19:52:08.395 [main] PackageRelationshipCollection - Parsing relationship: /_rels/.rels
[DEBUG] 2023-12-13 19:52:08.873 [main] PackageRelationshipCollection - Parsing relationship: /xl/_rels/workbook.xml.rels
[DEBUG] 2023-12-13 19:52:08.874 [main] PackageRelationshipCollection - Parsing relationship: /xl/worksheets/_rels/sheet1.xml.rels
[DEBUG] 2023-12-13 19:52:08.875 [main] PackageRelationshipCollection - Parsing relationship: /_rels/.rels
[DEBUG] 2023-12-13 19:52:08.903 [main] PackageRelationshipCollection - Parsing relationship: /xl/_rels/workbook.xml.rels
[DEBUG] 2023-12-13 19:52:08.905 [main] PackageRelationshipCollection - Parsing relationship: /xl/worksheets/_rels/sheet1.xml.rels
[DEBUG] 2023-12-13 19:52:08.905 [main] PackageRelationshipCollection - Parsing relationship: /_rels/.rels
[DEBUG] 2023-12-13 19:52:08.959 [main] PackageRelationshipCollection - Parsing relationship: /xl/_rels/workbook.xml.rels
[DEBUG] 2023-12-13 19:52:08.960 [main] PackageRelationshipCollection - Parsing relationship: /xl/worksheets/_rels/sheet1.xml.rels
[DEBUG] 2023-12-13 19:52:08.960 [main] PackageRelationshipCollection - Parsing relationship: /_rels/.rels
[DEBUG] 2023-12-13 19:52:08.990 [main] PackageRelationshipCollection - Parsing relationship: /xl/_rels/workbook.xml.rels
[DEBUG] 2023-12-13 19:52:08.990 [main] PackageRelationshipCollection - Parsing relationship: /xl/worksheets/_rels/sheet1.xml.rels
[DEBUG] 2023-12-13 19:52:08.992 [main] PackageRelationshipCollection - Parsing relationship: /_rels/.rels
[DEBUG] 2023-12-13 19:52:09.015 [main] PackageRelationshipCollection - Parsing relationship: /xl/_rels/workbook.xml.rels
[DEBUG] 2023-12-13 19:52:09.016 [main] PackageRelationshipCollection - Parsing relationship: /xl/worksheets/_rels/sheet1.xml.rels
[DEBUG] 2023-12-13 19:52:09.017 [main] PackageRelationshipCollection - Parsing relationship: /_rels/.rels
[DEBUG] 2023-12-13 19:52:09.040 [main] PackageRelationshipCollection - Parsing relationship: /xl/_rels/workbook.xml.rels
[DEBUG] 2023-12-13 19:52:09.042 [main] PackageRelationshipCollection - Parsing relationship: /xl/worksheets/_rels/sheet1.xml.rels
[DEBUG] 2023-12-13 19:52:09.043 [main] PackageRelationshipCollection - Parsing relationship: /_rels/.rels
[DEBUG] 2023-12-13 19:52:09.074 [main] PackageRelationshipCollection - Parsing relationship: /xl/_rels/workbook.xml.rels
[DEBUG] 2023-12-13 19:52:09.074 [main] PackageRelationshipCollection - Parsing relationship: /xl/worksheets/_rels/sheet1.xml.rels
[DEBUG] 2023-12-13 19:52:09.074 [main] PackageRelationshipCollection - Parsing relationship: /_rels/.rels
[DEBUG] 2023-12-13 19:52:09.096 [main] PackageRelationshipCollection - Parsing relationship: /xl/_rels/workbook.xml.rels
[DEBUG] 2023-12-13 19:52:09.097 [main] PackageRelationshipCollection - Parsing relationship: /xl/worksheets/_rels/sheet1.xml.rels
[DEBUG] 2023-12-13 19:52:09.098 [main] PackageRelationshipCollection - Parsing relationship: /_rels/.rels
[DEBUG] 2023-12-13 19:52:09.118 [main] PackageRelationshipCollection - Parsing relationship: /xl/_rels/workbook.xml.rels
[DEBUG] 2023-12-13 19:52:09.119 [main] PackageRelationshipCollection - Parsing relationship: /xl/worksheets/_rels/sheet1.xml.rels
[DEBUG] 2023-12-13 19:52:09.119 [main] PackageRelationshipCollection - Parsing relationship: /_rels/.rels
[DEBUG] 2023-12-13 19:52:09.139 [main] PackageRelationshipCollection - Parsing relationship: /xl/_rels/workbook.xml.rels
[DEBUG] 2023-12-13 19:52:09.141 [main] PackageRelationshipCollection - Parsing relationship: /xl/worksheets/_rels/sheet1.xml.rels
[DEBUG] 2023-12-13 19:52:09.141 [main] PackageRelationshipCollection - Parsing relationship: /_rels/.rels
[DEBUG] 2023-12-13 19:52:09.164 [main] PackageRelationshipCollection - Parsing relationship: /xl/_rels/workbook.xml.rels
[DEBUG] 2023-12-13 19:52:09.164 [main] PackageRelationshipCollection - Parsing relationship: /xl/worksheets/_rels/sheet1.xml.rels
[DEBUG] 2023-12-13 19:52:09.165 [main] PackageRelationshipCollection - Parsing relationship: /_rels/.rels
[DEBUG] 2023-12-13 19:52:09.183 [main] PackageRelationshipCollection - Parsing relationship: /xl/_rels/workbook.xml.rels
[DEBUG] 2023-12-13 19:52:09.185 [main] PackageRelationshipCollection - Parsing relationship: /xl/worksheets/_rels/sheet1.xml.rels
[DEBUG] 2023-12-13 19:52:09.185 [main] PackageRelationshipCollection - Parsing relationship: /_rels/.rels
[DEBUG] 2023-12-13 19:52:09.208 [main] PackageRelationshipCollection - Parsing relationship: /xl/_rels/workbook.xml.rels
[DEBUG] 2023-12-13 19:52:09.209 [main] PackageRelationshipCollection - Parsing relationship: /xl/worksheets/_rels/sheet1.xml.rels
[DEBUG] 2023-12-13 19:52:09.210 [main] PackageRelationshipCollection - Parsing relationship: /_rels/.rels
[DEBUG] 2023-12-13 19:52:09.227 [main] PackageRelationshipCollection - Parsing relationship: /xl/_rels/workbook.xml.rels
[DEBUG] 2023-12-13 19:52:09.228 [main] PackageRelationshipCollection - Parsing relationship: /xl/worksheets/_rels/sheet1.xml.rels
[DEBUG] 2023-12-13 19:52:09.228 [main] PackageRelationshipCollection - Parsing relationship: /_rels/.rels
[DEBUG] 2023-12-13 19:52:09.246 [main] PackageRelationshipCollection - Parsing relationship: /xl/_rels/workbook.xml.rels
[DEBUG] 2023-12-13 19:52:09.247 [main] PackageRelationshipCollection - Parsing relationship: /xl/worksheets/_rels/sheet1.xml.rels
[DEBUG] 2023-12-13 19:52:09.248 [main] PackageRelationshipCollection - Parsing relationship: /_rels/.rels
[DEBUG] 2023-12-13 19:52:09.268 [main] PackageRelationshipCollection - Parsing relationship: /xl/_rels/workbook.xml.rels
[DEBUG] 2023-12-13 19:52:09.269 [main] PackageRelationshipCollection - Parsing relationship: /xl/worksheets/_rels/sheet1.xml.rels
[DEBUG] 2023-12-13 19:52:09.269 [main] PackageRelationshipCollection - Parsing relationship: /_rels/.rels
[DEBUG] 2023-12-13 19:52:09.286 [main] PackageRelationshipCollection - Parsing relationship: /xl/_rels/workbook.xml.rels
[DEBUG] 2023-12-13 19:52:09.286 [main] PackageRelationshipCollection - Parsing relationship: /xl/worksheets/_rels/sheet1.xml.rels
[DEBUG] 2023-12-13 19:52:09.287 [main] PackageRelationshipCollection - Parsing relationship: /_rels/.rels
[DEBUG] 2023-12-13 19:52:09.304 [main] PackageRelationshipCollection - Parsing relationship: /xl/_rels/workbook.xml.rels
[DEBUG] 2023-12-13 19:52:09.304 [main] PackageRelationshipCollection - Parsing relationship: /xl/worksheets/_rels/sheet1.xml.rels
[DEBUG] 2023-12-13 19:52:09.305 [main] PackageRelationshipCollection - Parsing relationship: /_rels/.rels
[DEBUG] 2023-12-13 19:52:09.320 [main] PackageRelationshipCollection - Parsing relationship: /xl/_rels/workbook.xml.rels
[DEBUG] 2023-12-13 19:52:09.320 [main] PackageRelationshipCollection - Parsing relationship: /xl/worksheets/_rels/sheet1.xml.rels
[DEBUG] 2023-12-13 19:52:09.321 [main] PackageRelationshipCollection - Parsing relationship: /_rels/.rels
[DEBUG] 2023-12-13 19:52:09.336 [main] PackageRelationshipCollection - Parsing relationship: /xl/_rels/workbook.xml.rels
[DEBUG] 2023-12-13 19:52:09.338 [main] PackageRelationshipCollection - Parsing relationship: /xl/worksheets/_rels/sheet1.xml.rels
[DEBUG] 2023-12-13 19:52:09.338 [main] PackageRelationshipCollection - Parsing relationship: /_rels/.rels
[DEBUG] 2023-12-13 19:52:09.356 [main] PackageRelationshipCollection - Parsing relationship: /xl/_rels/workbook.xml.rels
[DEBUG] 2023-12-13 19:52:09.356 [main] PackageRelationshipCollection - Parsing relationship: /xl/worksheets/_rels/sheet1.xml.rels
[DEBUG] 2023-12-13 19:52:09.357 [main] PackageRelationshipCollection - Parsing relationship: /_rels/.rels
[DEBUG] 2023-12-13 19:52:09.371 [main] PackageRelationshipCollection - Parsing relationship: /xl/_rels/workbook.xml.rels
[DEBUG] 2023-12-13 19:52:09.372 [main] PackageRelationshipCollection - Parsing relationship: /xl/worksheets/_rels/sheet1.xml.rels
[DEBUG] 2023-12-13 19:52:09.372 [main] PackageRelationshipCollection - Parsing relationship: /_rels/.rels
[DEBUG] 2023-12-13 19:52:09.386 [main] PackageRelationshipCollection - Parsing relationship: /xl/_rels/workbook.xml.rels
[DEBUG] 2023-12-13 19:52:09.387 [main] PackageRelationshipCollection - Parsing relationship: /xl/worksheets/_rels/sheet1.xml.rels
[DEBUG] 2023-12-13 19:52:09.387 [main] PackageRelationshipCollection - Parsing relationship: /_rels/.rels
[DEBUG] 2023-12-13 19:52:09.402 [main] PackageRelationshipCollection - Parsing relationship: /xl/_rels/workbook.xml.rels
[DEBUG] 2023-12-13 19:52:09.402 [main] PackageRelationshipCollection - Parsing relationship: /xl/worksheets/_rels/sheet1.xml.rels
[DEBUG] 2023-12-13 19:52:09.403 [main] PackageRelationshipCollection - Parsing relationship: /_rels/.rels
[DEBUG] 2023-12-13 19:52:09.418 [main] PackageRelationshipCollection - Parsing relationship: /xl/_rels/workbook.xml.rels
[DEBUG] 2023-12-13 19:52:09.418 [main] PackageRelationshipCollection - Parsing relationship: /xl/worksheets/_rels/sheet1.xml.rels
[DEBUG] 2023-12-13 19:52:09.418 [main] PackageRelationshipCollection - Parsing relationship: /_rels/.rels
[INFO ] 2023-12-13 19:52:12.160 [main] DBDrivenTest - Username::uname1
[INFO ] 2023-12-13 19:52:12.160 [main] DBDrivenTest - Post Status code::200
[INFO ] 2023-12-13 19:52:13.351 [main] DBDrivenTest - Username::uname2
[INFO ] 2023-12-13 19:52:13.351 [main] DBDrivenTest - Post Status code::200
[INFO ] 2023-12-13 19:52:14.626 [main] DBDrivenTest - Username::uname3
[INFO ] 2023-12-13 19:52:14.627 [main] DBDrivenTest - Post Status code::200
[DEBUG] 2023-12-13 19:52:14.643 [main] PackageRelationshipCollection - Parsing relationship: /xl/_rels/workbook.xml.rels
[DEBUG] 2023-12-13 19:52:14.644 [main] PackageRelationshipCollection - Parsing relationship: /xl/worksheets/_rels/sheet1.xml.rels
[DEBUG] 2023-12-13 19:52:14.645 [main] PackageRelationshipCollection - Parsing relationship: /_rels/.rels
[DEBUG] 2023-12-13 19:52:14.664 [main] PackageRelationshipCollection - Parsing relationship: /xl/_rels/workbook.xml.rels
[DEBUG] 2023-12-13 19:52:14.664 [main] PackageRelationshipCollection - Parsing relationship: /xl/worksheets/_rels/sheet1.xml.rels
[DEBUG] 2023-12-13 19:52:14.665 [main] PackageRelationshipCollection - Parsing relationship: /_rels/.rels
[DEBUG] 2023-12-13 19:52:14.681 [main] PackageRelationshipCollection - Parsing relationship: /xl/_rels/workbook.xml.rels
[DEBUG] 2023-12-13 19:52:14.682 [main] PackageRelationshipCollection - Parsing relationship: /xl/worksheets/_rels/sheet1.xml.rels
[DEBUG] 2023-12-13 19:52:14.682 [main] PackageRelationshipCollection - Parsing relationship: /_rels/.rels
[DEBUG] 2023-12-13 19:52:14.699 [main] PackageRelationshipCollection - Parsing relationship: /xl/_rels/workbook.xml.rels
[DEBUG] 2023-12-13 19:52:14.699 [main] PackageRelationshipCollection - Parsing relationship: /xl/worksheets/_rels/sheet1.xml.rels
[DEBUG] 2023-12-13 19:52:14.699 [main] PackageRelationshipCollection - Parsing relationship: /_rels/.rels
[INFO ] 2023-12-13 19:52:16.040 [main] DBDrivenTest - Get Status code::200
[INFO ] 2023-12-13 19:52:17.288 [main] DBDrivenTest - Get Status code::200
[INFO ] 2023-12-13 19:52:18.590 [main] DBDrivenTest - Get Status code::200
[DEBUG] 2023-12-13 19:52:18.616 [main] PackageRelationshipCollection - Parsing relationship: /xl/_rels/workbook.xml.rels
[DEBUG] 2023-12-13 19:52:18.619 [main] PackageRelationshipCollection - Parsing relationship: /xl/worksheets/_rels/sheet1.xml.rels
[DEBUG] 2023-12-13 19:52:18.621 [main] PackageRelationshipCollection - Parsing relationship: /_rels/.rels
[DEBUG] 2023-12-13 19:52:18.676 [main] PackageRelationshipCollection - Parsing relationship: /xl/_rels/workbook.xml.rels
[DEBUG] 2023-12-13 19:52:18.678 [main] PackageRelationshipCollection - Parsing relationship: /xl/worksheets/_rels/sheet1.xml.rels
[DEBUG] 2023-12-13 19:52:18.678 [main] PackageRelationshipCollection - Parsing relationship: /_rels/.rels
[DEBUG] 2023-12-13 19:52:18.708 [main] PackageRelationshipCollection - Parsing relationship: /xl/_rels/workbook.xml.rels
[DEBUG] 2023-12-13 19:52:18.709 [main] PackageRelationshipCollection - Parsing relationship: /xl/worksheets/_rels/sheet1.xml.rels
[DEBUG] 2023-12-13 19:52:18.710 [main] PackageRelationshipCollection - Parsing relationship: /_rels/.rels
[DEBUG] 2023-12-13 19:52:18.728 [main] PackageRelationshipCollection - Parsing relationship: /xl/_rels/workbook.xml.rels
[DEBUG] 2023-12-13 19:52:18.729 [main] PackageRelationshipCollection - Parsing relationship: /xl/worksheets/_rels/sheet1.xml.rels
[DEBUG] 2023-12-13 19:52:18.729 [main] PackageRelationshipCollection - Parsing relationship: /_rels/.rels
[INFO ] 2023-12-13 19:52:22.609 [main] UserTests - Creating user
[INFO ] 2023-12-13 19:52:23.806 [main] UserTests - Username::stefan.watsica
[INFO ] 2023-12-13 19:52:23.807 [main] UserTests - Post Status code::200
[INFO ] 2023-12-13 19:52:23.808 [main] UserTests - Completed Creating user
[INFO ] 2023-12-13 19:52:23.810 [main] UserTests - Retriving user details based on name
[INFO ] 2023-12-13 19:52:25.042 [main] UserTests - io.restassured.internal.ValidatableResponseImpl@75566f4
[INFO ] 2023-12-13 19:52:26.264 [main] UserTests - Retriving user details based on name
[INFO ] 2023-12-13 19:52:27.511 [main] UserTests - io.restassured.internal.ValidatableResponseImpl@5c04ec8
[INFO ] 2023-12-13 19:55:15.656 [main] UserTests - Creating user
[INFO ] 2023-12-13 19:55:18.610 [main] UserTests - Username::gil.satterfield
[INFO ] 2023-12-13 19:55:18.610 [main] UserTests - Post Status code::200
[INFO ] 2023-12-13 19:55:18.612 [main] UserTests - Completed Creating user
[INFO ] 2023-12-13 19:55:18.622 [main] UserTests - Retriving user details based on name
[INFO ] 2023-12-13 19:55:19.803 [main] UserTests - io.restassured.internal.ValidatableResponseImpl@3436d3d7
[INFO ] 2023-12-13 19:55:20.969 [main] UserTests - Retriving user details based on name
[INFO ] 2023-12-13 19:55:22.177 [main] UserTests - io.restassured.internal.ValidatableResponseImpl@4177d422
[INFO ] 2023-12-13 20:08:52.161 [main] UserTests - Creating user
[INFO ] 2023-12-13 20:08:55.165 [main] UserTests - Username::maida.gaylord
[INFO ] 2023-12-13 20:08:55.165 [main] UserTests - Post Status code::200
[INFO ] 2023-12-13 20:08:55.166 [main] UserTests - Completed Creating user
[INFO ] 2023-12-13 20:08:55.176 [main] UserTests - Retriving user details based on name
[INFO ] 2023-12-13 20:08:56.389 [main] UserTests - io.restassured.internal.ValidatableResponseImpl@3436d3d7
[INFO ] 2023-12-13 20:08:57.567 [main] UserTests - Retriving user details based on name
[INFO ] 2023-12-13 20:08:58.726 [main] UserTests - io.restassured.internal.ValidatableResponseImpl@4177d422
